[0m18:00:54.164183 [debug] [MainThread]: Sending event: {'category': 'dbt', 'action': 'invocation', 'label': 'start', 'context': [<snowplow_tracker.self_describing_json.SelfDescribingJson object at 0x000002B20214CBC0>, <snowplow_tracker.self_describing_json.SelfDescribingJson object at 0x000002B27F9DC830>, <snowplow_tracker.self_describing_json.SelfDescribingJson object at 0x000002B201BE1880>]}


============================== 18:00:54.214570 | 1494af6c-2fc2-4667-96e9-d7418323ec31 ==============================
[0m18:00:54.214570 [info ] [MainThread]: Running with dbt=1.11.2
[0m18:00:54.215569 [debug] [MainThread]: running dbt with arguments {'static_parser': 'True', 'no_print': 'None', 'version_check': 'True', 'warn_error_options': 'WarnErrorOptionsV2(error=[], warn=[], silence=[])', 'target_path': 'None', 'printer_width': '80', 'write_json': 'True', 'empty': 'None', 'log_cache_events': 'False', 'introspect': 'True', 'cache_selected_only': 'False', 'fail_fast': 'False', 'debug': 'False', 'log_format': 'default', 'profiles_dir': 'C:\\Users\\Mez\\.dbt', 'send_anonymous_usage_stats': 'True', 'quiet': 'False', 'warn_error': 'None', 'partial_parse': 'True', 'indirect_selection': 'eager', 'use_colors': 'True', 'invocation_command': 'dbt init hr_analytics', 'use_experimental_parser': 'False', 'log_path': 'logs'}
[0m18:00:54.298375 [info ] [MainThread]: Creating dbt configuration folder at C:\Users\Mez\.dbt
[0m18:00:54.302375 [debug] [MainThread]: Starter project path: C:\Users\Mez\Desktop\sea_test\hr_analytics\.venv\Lib\site-packages\dbt\include\starter_project
[0m18:00:54.327622 [info ] [MainThread]: 
Your new dbt project "hr_analytics" was created!

For more information on how to configure the profiles.yml file,
please consult the dbt documentation here:

  https://docs.getdbt.com/docs/configure-your-profile

One more thing:

Need help? Don't hesitate to reach out to us via GitHub issues or on Slack:

  https://community.getdbt.com/

Happy modeling!

[0m18:00:54.327622 [info ] [MainThread]: Setting up your profile.
[0m18:00:54.329107 [error] [MainThread]: Encountered an error:
Runtime Error
  No adapters available. Learn how to install an adapter by going to https://docs.getdbt.com/docs/connect-adapters#install-using-the-cli
[0m18:00:54.331102 [debug] [MainThread]: Command `dbt init` failed at 18:00:54.330104 after 0.33 seconds
[0m18:00:54.331102 [debug] [MainThread]: Sending event: {'category': 'dbt', 'action': 'invocation', 'label': 'end', 'context': [<snowplow_tracker.self_describing_json.SelfDescribingJson object at 0x000002B201C77CB0>, <snowplow_tracker.self_describing_json.SelfDescribingJson object at 0x000002B202442450>, <snowplow_tracker.self_describing_json.SelfDescribingJson object at 0x000002B202379670>]}
[0m18:00:54.331102 [debug] [MainThread]: Flushing usage events
[0m18:00:55.642056 [debug] [MainThread]: An error was encountered while trying to flush usage events
[0m18:06:35.527336 [debug] [MainThread]: Sending event: {'category': 'dbt', 'action': 'invocation', 'label': 'start', 'context': [<snowplow_tracker.self_describing_json.SelfDescribingJson object at 0x0000022AA02ECB90>, <snowplow_tracker.self_describing_json.SelfDescribingJson object at 0x0000022AA2886CF0>, <snowplow_tracker.self_describing_json.SelfDescribingJson object at 0x0000022AA2886B70>]}


============================== 18:06:35.533337 | d93449f9-7816-45b8-945f-5aae1fa12c9e ==============================
[0m18:06:35.533337 [info ] [MainThread]: Running with dbt=1.11.2
[0m18:06:35.534334 [debug] [MainThread]: running dbt with arguments {'version_check': 'True', 'no_print': 'None', 'static_parser': 'True', 'target_path': 'None', 'warn_error_options': 'WarnErrorOptionsV2(error=[], warn=[], silence=[])', 'printer_width': '80', 'write_json': 'True', 'introspect': 'True', 'log_cache_events': 'False', 'empty': 'None', 'cache_selected_only': 'False', 'fail_fast': 'False', 'debug': 'False', 'log_format': 'default', 'profiles_dir': 'C:\\Users\\Mez\\.dbt', 'send_anonymous_usage_stats': 'True', 'quiet': 'False', 'warn_error': 'None', 'partial_parse': 'True', 'invocation_command': 'dbt seed', 'use_colors': 'True', 'indirect_selection': 'eager', 'use_experimental_parser': 'False', 'log_path': 'logs'}
[0m18:06:35.534334 [error] [MainThread]: Encountered an error:
Runtime Error
  No dbt_project.yml found at expected path C:\Users\Mez\Desktop\sea_test\hr_analytics\dbt_project.yml
  Verify that each entry within packages.yml (and their transitive dependencies) contains a file named dbt_project.yml
  
[0m18:06:35.535839 [debug] [MainThread]: Command `dbt seed` failed at 18:06:35.535839 after 0.13 seconds
[0m18:06:35.535839 [debug] [MainThread]: Sending event: {'category': 'dbt', 'action': 'invocation', 'label': 'end', 'context': [<snowplow_tracker.self_describing_json.SelfDescribingJson object at 0x0000022AA33FE960>, <snowplow_tracker.self_describing_json.SelfDescribingJson object at 0x0000022AA2A21880>, <snowplow_tracker.self_describing_json.SelfDescribingJson object at 0x0000022AA29D3DA0>]}
[0m18:06:35.536845 [debug] [MainThread]: Flushing usage events
[0m18:06:36.831854 [debug] [MainThread]: An error was encountered while trying to flush usage events
